2016-08-25 11:25:07.491  INFO 6844 --- [Thread-14] ationConfigEmbeddedWebApplicationContext : Closing org.springframework.boot.context.embedded.AnnotationConfigEmbeddedWebApplicationContext@443e78d: startup date [Thu Aug 25 11:22:18 CST 2016]; root of context hierarchy
2016-08-25 11:25:07.493  INFO 6844 --- [Thread-14] o.s.j.e.a.AnnotationMBeanExporter        : Unregistering JMX-exposed beans on shutdown
2016-08-25 11:25:07.851  INFO 6844 --- [restartedMain] com.example.DemoApplication              : Starting DemoApplication on lm with PID 6844 (F:\spring-cli\bin\app-mvn\target\classes started by Ming in F:\spring-cli\bin\app-mvn)
2016-08-25 11:25:07.851  INFO 6844 --- [restartedMain] com.example.DemoApplication              : No active profile set, falling back to default profiles: default
2016-08-25 11:25:07.862  INFO 6844 --- [restartedMain] ationConfigEmbeddedWebApplicationContext : Refreshing org.springframework.boot.context.embedded.AnnotationConfigEmbeddedWebApplicationContext@3509dc29: startup date [Thu Aug 25 11:25:07 CST 2016]; root of context hierarchy
2016-08-25 11:25:09.306  INFO 6844 --- [restartedMain] s.b.c.e.t.TomcatEmbeddedServletContainer : Tomcat initialized with port(s): 8090 (http)
2016-08-25 11:25:09.307  INFO 6844 --- [restartedMain] o.apache.catalina.core.StandardService   : Starting service Tomcat
2016-08-25 11:25:09.307  INFO 6844 --- [restartedMain] org.apache.catalina.core.StandardEngine  : Starting Servlet Engine: Apache Tomcat/8.5.4
2016-08-25 11:25:09.320  INFO 6844 --- [localhost-startStop-1] o.a.c.c.C.[Tomcat].[localhost].[/]       : Initializing Spring embedded WebApplicationContext
2016-08-25 11:25:09.321  INFO 6844 --- [localhost-startStop-1] o.s.web.context.ContextLoader            : Root WebApplicationContext: initialization completed in 1459 ms
2016-08-25 11:25:09.367  INFO 6844 --- [localhost-startStop-1] o.s.b.w.servlet.ServletRegistrationBean  : Mapping servlet: 'dispatcherServlet' to [/]
2016-08-25 11:25:09.368  INFO 6844 --- [localhost-startStop-1] o.s.b.w.servlet.FilterRegistrationBean   : Mapping filter: 'characterEncodingFilter' to: [/*]
2016-08-25 11:25:09.368  INFO 6844 --- [localhost-startStop-1] o.s.b.w.servlet.FilterRegistrationBean   : Mapping filter: 'hiddenHttpMethodFilter' to: [/*]
2016-08-25 11:25:09.368  INFO 6844 --- [localhost-startStop-1] o.s.b.w.servlet.FilterRegistrationBean   : Mapping filter: 'httpPutFormContentFilter' to: [/*]
2016-08-25 11:25:09.369  INFO 6844 --- [localhost-startStop-1] o.s.b.w.servlet.FilterRegistrationBean   : Mapping filter: 'requestContextFilter' to: [/*]
2016-08-25 11:25:09.488  INFO 6844 --- [restartedMain] s.w.s.m.m.a.RequestMappingHandlerAdapter : Looking for @ControllerAdvice: org.springframework.boot.context.embedded.AnnotationConfigEmbeddedWebApplicationContext@3509dc29: startup date [Thu Aug 25 11:25:07 CST 2016]; root of context hierarchy
2016-08-25 11:25:09.493  INFO 6844 --- [restartedMain] s.w.s.m.m.a.RequestMappingHandlerMapping : Mapped "{[/],methods=[GET]}" onto public java.lang.String com.example.DemoController.log()
2016-08-25 11:25:09.493  INFO 6844 --- [restartedMain] s.w.s.m.m.a.RequestMappingHandlerMapping : Mapped "{[/api/hello],methods=[GET]}" onto public java.lang.String com.example.DemoController.test()
2016-08-25 11:25:09.501  INFO 6844 --- [restartedMain] s.w.s.m.m.a.RequestMappingHandlerMapping : Mapped "{[/error]}" onto public org.springframework.http.ResponseEntity<java.util.Map<java.lang.String, java.lang.Object>> org.springframework.boot.autoconfigure.web.BasicErrorController.error(javax.servlet.http.HttpServletRequest)
2016-08-25 11:25:09.501  INFO 6844 --- [restartedMain] s.w.s.m.m.a.RequestMappingHandlerMapping : Mapped "{[/error],produces=[text/html]}" onto public org.springframework.web.servlet.ModelAndView org.springframework.boot.autoconfigure.web.BasicErrorController.errorHtml(javax.servlet.http.HttpServletRequest,javax.servlet.http.HttpServletResponse)
2016-08-25 11:25:09.519  INFO 6844 --- [restartedMain] o.s.w.s.handler.SimpleUrlHandlerMapping  : Mapped URL path [/webjars/**] onto handler of type [class org.springframework.web.servlet.resource.ResourceHttpRequestHandler]
2016-08-25 11:25:09.520  INFO 6844 --- [restartedMain] o.s.w.s.handler.SimpleUrlHandlerMapping  : Mapped URL path [/**] onto handler of type [class org.springframework.web.servlet.resource.ResourceHttpRequestHandler]
2016-08-25 11:25:09.539  INFO 6844 --- [restartedMain] o.s.w.s.handler.SimpleUrlHandlerMapping  : Mapped URL path [/**/favicon.ico] onto handler of type [class org.springframework.web.servlet.resource.ResourceHttpRequestHandler]
2016-08-25 11:25:09.576  INFO 6844 --- [restartedMain] o.s.b.d.a.OptionalLiveReloadServer       : LiveReload server is running on port 35729
2016-08-25 11:25:09.654  INFO 6844 --- [restartedMain] o.s.j.e.a.AnnotationMBeanExporter        : Registering beans for JMX exposure on startup
2016-08-25 11:25:09.669  INFO 6844 --- [restartedMain] s.b.c.e.t.TomcatEmbeddedServletContainer : Tomcat started on port(s): 8090 (http)
2016-08-25 11:25:09.672  INFO 6844 --- [restartedMain] com.example.DemoApplication              : Started DemoApplication in 1.893 seconds (JVM running for 1487.637)
